SF:lib\models\wallhaven\wallpaper.g.dart
DA:13,0
DA:15,0
DA:16,0
DA:17,0
DA:19,0
DA:20,0
DA:21,0
DA:22,0
DA:23,0
DA:24,0
DA:25,0
DA:26,0
DA:27,0
DA:28,0
DA:29,0
DA:30,0
DA:31,0
DA:32,0
DA:33,0
DA:34,0
DA:35,0
DA:39,0
DA:42,0
DA:43,0
DA:44,0
DA:45,0
DA:46,0
DA:47,0
DA:48,0
DA:49,0
DA:50,0
DA:51,0
DA:52,0
DA:53,0
DA:54,0
DA:55,0
DA:56,0
DA:57,0
DA:58,0
DA:59,0
DA:60,0
DA:61,0
DA:62,0
DA:63,0
DA:64,0
DA:65,0
DA:66,0
DA:67,0
DA:68,0
DA:69,0
DA:70,0
DA:71,0
DA:72,0
DA:73,0
DA:74,0
DA:77,0
DA:78,0
DA:80,0
DA:83,0
DA:84,0
DA:85,0
DA:92,0
DA:93,0
DA:94,0
DA:95,0
DA:96,0
DA:97,0
DA:98,0
DA:99,0
DA:100,0
DA:101,0
DA:102,0
DA:103,0
DA:105,0
DA:106,0
DA:107,0
DA:109,0
DA:110,0
DA:111,0
DA:112,0
DA:113,0
DA:116,0
DA:117,0
DA:118,0
DA:119,0
DA:120,0
DA:121,0
DA:122,0
DA:123,0
DA:124,0
DA:125,0
DA:126,0
DA:127,0
DA:128,0
DA:129,0
DA:130,0
DA:131,0
DA:132,0
LF:98
LH:0
end_of_record
SF:lib\models\wallhaven\wallpaper.dart
DA:64,0
DA:82,0
DA:83,0
DA:85,0
DA:87,0
DA:103,0
DA:104,0
DA:105,0
DA:106,0
DA:107,0
DA:108,0
DA:109,0
DA:110,0
DA:111,0
DA:112,0
DA:113,0
DA:114,0
DA:115,0
DA:116,0
DA:117,0
LF:20
LH:0
end_of_record
SF:lib\repositories\wallpaper_repository.dart
DA:18,0
DA:23,0
DA:26,0
DA:27,0
DA:28,0
DA:29,0
DA:31,0
DA:33,0
DA:37,0
DA:38,0
DA:44,0
DA:49,0
DA:52,0
DA:53,0
DA:54,0
DA:57,0
DA:60,0
DA:61,0
DA:63,0
DA:69,0
DA:71,0
DA:74,0
DA:75,0
DA:79,0
DA:80,0
DA:81,0
DA:85,0
DA:87,0
DA:91,0
DA:92,0
DA:95,0
DA:96,0
DA:100,0
DA:101,0
DA:102,0
DA:116,0
DA:122,0
DA:123,0
DA:128,0
DA:129,0
DA:133,0
DA:134,0
DA:138,0
DA:139,0
DA:140,0
DA:145,0
DA:147,0
DA:148,0
LF:48
LH:0
end_of_record
SF:lib\main.dart
DA:28,0
DA:29,0
DA:31,0
DA:32,0
DA:33,0
DA:34,0
DA:35,0
DA:36,0
DA:38,0
DA:39,0
DA:41,0
DA:42,0
DA:43,0
DA:46,0
DA:50,0
DA:51,0
DA:52,0
DA:54,0
DA:62,0
DA:63,0
DA:72,1
DA:74,0
DA:75,0
DA:81,0
DA:83,0
DA:85,0
DA:87,0
DA:90,0
DA:91,0
DA:94,0
DA:95,0
DA:96,0
DA:105,0
DA:106,0
DA:107,0
DA:113,0
DA:114,0
DA:115,0
DA:116,0
DA:117,0
DA:120,0
DA:121,0
DA:122,0
DA:123,0
DA:127,0
DA:128,0
DA:130,0
DA:144,0
DA:153,0
DA:154,0
LF:50
LH:1
end_of_record
SF:lib\utils\constants.dart
DA:11,0
DA:12,0
DA:13,0
DA:14,0
DA:20,0
DA:21,0
DA:22,0
DA:23,0
DA:24,0
DA:25,0
DA:26,0
DA:27,0
DA:28,0
DA:29,0
DA:30,0
DA:31,0
DA:32,0
DA:33,0
DA:34,0
DA:35,0
DA:36,0
DA:37,0
DA:38,0
DA:39,0
DA:40,0
DA:41,0
DA:42,0
DA:43,0
DA:44,0
DA:45,0
DA:46,0
DA:47,0
DA:48,0
DA:49,0
DA:50,0
DA:51,0
DA:52,0
DA:53,0
DA:55,0
DA:56,0
DA:57,0
DA:58,0
DA:59,0
DA:60,0
DA:61,0
DA:62,0
DA:63,0
DA:64,0
DA:65,0
DA:66,0
DA:67,0
DA:68,0
DA:69,0
DA:70,0
DA:71,0
DA:72,0
DA:73,0
DA:74,0
DA:75,0
DA:76,0
DA:77,0
DA:78,0
DA:79,0
DA:80,0
DA:81,0
DA:82,0
DA:83,0
DA:84,0
DA:87,1
DA:91,0
LF:70
LH:1
end_of_record
SF:lib\utils\log.dart
DA:4,0
DA:5,0
DA:9,0
DA:10,0
DA:15,0
DA:16,0
DA:19,0
DA:20,0
LF:8
LH:0
end_of_record
SF:lib\utils\startup.dart
DA:18,0
DA:19,0
DA:21,0
DA:25,0
DA:26,0
DA:27,0
DA:28,0
DA:30,0
DA:32,0
DA:33,0
DA:38,0
DA:40,0
DA:43,0
DA:44,0
DA:45,0
DA:46,0
DA:47,0
DA:48,0
DA:49,0
DA:50,0
DA:53,0
DA:56,0
DA:58,0
DA:60,0
DA:61,0
DA:62,0
DA:75,0
LF:27
LH:0
end_of_record
SF:lib\view_models\wallpaper_view_model.dart
DA:35,0
DA:39,0
DA:40,0
DA:41,0
DA:69,0
DA:70,0
DA:73,0
DA:75,0
DA:76,0
DA:81,0
DA:83,0
DA:85,0
DA:87,0
DA:93,0
DA:96,0
DA:98,0
DA:99,0
DA:100,0
DA:106,0
DA:113,0
DA:115,0
DA:120,0
DA:121,0
DA:122,0
DA:126,0
DA:127,0
DA:129,0
DA:130,0
DA:131,0
DA:132,0
DA:141,0
DA:144,0
DA:148,0
DA:152,0
DA:155,0
DA:158,0
DA:159,0
DA:162,0
DA:165,0
DA:166,0
DA:168,0
DA:173,0
DA:174,0
DA:179,0
DA:180,0
DA:185,0
DA:186,0
DA:187,0
DA:188,0
DA:189,0
DA:198,0
DA:199,0
DA:203,0
DA:204,0
DA:205,0
DA:211,0
DA:213,0
DA:215,0
DA:224,0
DA:228,0
DA:230,0
DA:232,0
DA:233,0
DA:240,0
DA:242,0
DA:243,0
DA:248,0
DA:251,0
DA:252,0
DA:254,0
DA:256,0
DA:257,0
DA:258,0
DA:260,0
DA:262,0
DA:264,0
DA:265,0
DA:269,0
DA:275,0
DA:276,0
DA:277,0
DA:279,0
DA:281,0
DA:282,0
DA:290,0
DA:291,0
DA:293,0
DA:295,0
DA:296,0
DA:298,0
DA:300,0
DA:301,0
DA:302,0
DA:303,0
DA:305,0
DA:307,0
DA:309,0
DA:315,0
DA:316,0
DA:317,0
DA:318,0
DA:321,0
DA:324,0
DA:325,0
DA:334,0
DA:335,0
DA:337,0
DA:339,0
DA:341,0
DA:342,0
DA:350,0
DA:355,0
DA:357,0
DA:358,0
DA:362,0
DA:364,0
DA:366,0
DA:367,0
DA:369,0
DA:370,0
DA:371,0
DA:375,0
DA:379,0
DA:380,0
DA:382,0
DA:384,0
DA:385,0
DA:386,0
DA:387,0
DA:392,0
DA:393,0
DA:394,0
DA:398,0
DA:399,0
DA:400,0
DA:401,0
DA:402,0
DA:403,0
DA:404,0
DA:412,0
DA:415,0
DA:418,0
DA:420,0
DA:421,0
DA:423,0
DA:424,0
DA:425,0
DA:427,0
DA:432,0
DA:433,0
DA:434,0
DA:438,0
DA:439,0
DA:441,0
DA:442,0
DA:443,0
DA:444,0
DA:445,0
DA:446,0
DA:455,0
DA:456,0
DA:457,0
DA:458,0
DA:460,0
DA:464,0
DA:466,0
DA:468,0
DA:469,0
DA:471,0
DA:472,0
DA:480,0
DA:484,0
DA:486,0
DA:489,0
DA:490,0
DA:494,0
DA:496,0
DA:497,0
DA:498,0
DA:501,0
DA:504,0
LF:181
LH:0
end_of_record
SF:lib\models\pexels\wallpaper.g.dart
DA:13,0
DA:15,0
DA:16,0
DA:17,0
DA:19,0
DA:20,0
DA:21,0
DA:22,0
DA:23,0
DA:24,0
DA:25,0
DA:26,0
DA:27,0
DA:28,0
DA:29,0
DA:33,0
DA:36,0
DA:37,0
DA:38,0
DA:39,0
DA:40,0
DA:41,0
DA:42,0
DA:43,0
DA:44,0
DA:45,0
DA:46,0
DA:47,0
DA:48,0
DA:49,0
DA:50,0
DA:51,0
DA:52,0
DA:53,0
DA:54,0
DA:55,0
DA:56,0
DA:59,0
DA:60,0
DA:62,0
DA:65,0
DA:66,0
DA:67,0
DA:74,0
DA:75,0
DA:76,0
DA:77,0
DA:78,0
DA:79,0
DA:80,0
DA:81,0
DA:82,0
DA:83,0
DA:84,0
DA:87,0
DA:88,0
DA:89,0
DA:90,0
DA:91,0
DA:92,0
DA:93,0
DA:94,0
DA:95,0
DA:96,0
DA:97,0
LF:65
LH:0
end_of_record
SF:lib\models\pexels\wallpaper.dart
DA:43,0
DA:56,0
DA:68,0
DA:69,0
DA:70,0
DA:71,0
DA:72,0
DA:73,0
DA:74,0
DA:75,0
DA:76,0
DA:77,0
DA:78,0
DA:81,0
DA:82,0
DA:84,0
LF:16
LH:0
end_of_record
SF:lib\providers\navigation_provider.dart
DA:6,0
DA:8,0
DA:9,0
DA:10,0
LF:4
LH:0
end_of_record
SF:lib\providers\theme_provider.dart
DA:8,1
DA:12,0
DA:74,0
DA:76,0
DA:78,0
DA:79,0
DA:80,0
DA:81,0
DA:82,0
DA:84,0
DA:85,0
DA:88,0
DA:91,0
DA:93,0
DA:94,0
DA:95,0
DA:96,0
DA:97,0
DA:101,0
DA:102,0
DA:103,0
DA:104,0
DA:105,0
DA:108,0
DA:109,0
DA:110,0
DA:112,0
DA:114,0
DA:117,0
DA:118,0
DA:119,0
DA:120,0
DA:122,0
LF:33
LH:1
end_of_record
SF:lib\screens\splash_screen.dart
DA:16,2
DA:18,0
DA:19,0
DA:36,0
DA:38,0
DA:43,0
DA:46,0
DA:50,0
DA:53,0
DA:54,0
DA:55,0
DA:60,0
DA:62,0
DA:63,0
DA:64,0
DA:65,0
DA:66,0
DA:73,0
DA:75,0
DA:76,0
DA:77,0
DA:82,0
DA:83,0
DA:85,0
DA:87,0
DA:90,0
DA:92,0
DA:96,0
DA:98,0
DA:101,0
DA:103,0
DA:104,0
DA:105,0
DA:108,0
DA:110,0
DA:112,0
DA:117,0
DA:118,0
DA:119,0
DA:120,0
DA:121,0
DA:122,0
DA:124,0
DA:126,0
DA:127,0
DA:128,0
DA:129,0
DA:132,0
DA:133,0
DA:134,0
DA:135,0
DA:142,0
DA:143,0
DA:144,0
DA:146,0
DA:147,0
DA:148,0
DA:150,0
DA:151,0
DA:152,0
DA:153,0
DA:154,0
DA:155,0
DA:156,0
DA:157,0
DA:158,0
DA:171,0
DA:172,0
DA:173,0
DA:174,0
DA:180,0
DA:181,0
DA:183,0
DA:185,0
DA:186,0
DA:188,0
DA:189,0
DA:190,0
DA:194,0
DA:198,0
DA:199,0
DA:203,0
DA:208,0
DA:209,0
DA:210,0
LF:85
LH:1
end_of_record
SF:lib\services\notification_service.dart
DA:13,0
DA:15,0
DA:16,0
DA:18,0
DA:19,0
DA:23,0
DA:25,0
DA:26,0
DA:28,0
DA:35,0
DA:36,0
DA:37,0
DA:39,0
DA:40,0
DA:41,0
DA:56,0
DA:57,0
DA:59,0
DA:60,0
DA:62,0
DA:71,0
DA:73,0
DA:86,0
DA:87,0
LF:24
LH:0
end_of_record
SF:lib\utils\app_router.dart
DA:21,0
DA:22,0
DA:25,0
DA:28,0
DA:31,0
DA:34,0
DA:37,0
LF:7
LH:0
end_of_record
SF:lib\models\pexels\wallpaper_src.g.dart
DA:13,0
DA:15,0
DA:16,0
DA:17,0
DA:19,0
DA:20,0
DA:21,0
DA:22,0
DA:23,0
DA:24,0
DA:25,0
DA:26,0
DA:27,0
DA:31,0
DA:34,0
DA:35,0
DA:36,0
DA:37,0
DA:38,0
DA:39,0
DA:40,0
DA:41,0
DA:42,0
DA:43,0
DA:44,0
DA:45,0
DA:46,0
DA:47,0
DA:48,0
DA:49,0
DA:50,0
DA:53,0
DA:54,0
DA:56,0
DA:59,0
DA:60,0
DA:61,0
DA:68,0
DA:69,0
DA:70,0
DA:71,0
DA:72,0
DA:73,0
DA:74,0
DA:75,0
DA:76,0
DA:79,0
DA:80,0
DA:81,0
DA:82,0
DA:83,0
DA:84,0
DA:85,0
DA:86,0
DA:87,0
DA:88,0
LF:56
LH:0
end_of_record
SF:lib\models\pexels\wallpaper_src.dart
DA:33,0
DA:44,0
DA:45,0
DA:47,0
LF:4
LH:0
end_of_record
SF:lib\models\wallhaven\tag.dart
DA:13,0
DA:21,0
DA:22,0
DA:24,0
LF:4
LH:0
end_of_record
SF:lib\models\wallhaven\tag.g.dart
DA:9,0
DA:10,0
DA:11,0
DA:12,0
DA:13,0
DA:14,0
DA:17,0
DA:18,0
DA:19,0
DA:20,0
DA:21,0
DA:22,0
LF:12
LH:0
end_of_record
SF:lib\models\wallhaven\wallpaper_thumbs.g.dart
DA:13,0
DA:15,0
DA:16,0
DA:17,0
DA:19,0
DA:20,0
DA:21,0
DA:22,0
DA:26,0
DA:29,0
DA:30,0
DA:31,0
DA:32,0
DA:33,0
DA:34,0
DA:35,0
DA:38,0
DA:39,0
DA:41,0
DA:44,0
DA:45,0
DA:46,0
DA:53,0
DA:54,0
DA:55,0
DA:56,0
DA:57,0
DA:60,0
DA:61,0
DA:62,0
DA:63,0
DA:64,0
LF:32
LH:0
end_of_record
SF:lib\models\wallhaven\wallpaper_thumbs.dart
DA:18,0
DA:24,0
DA:25,0
DA:27,0
LF:4
LH:0
end_of_record
SF:lib\utils\colors.dart
DA:7,0
DA:9,0
DA:11,0
DA:13,0
DA:14,0
DA:16,0
DA:18,0
DA:20,0
LF:8
LH:0
end_of_record
SF:lib\utils\secure_storage.dart
DA:8,0
DA:9,0
DA:12,0
DA:13,0
DA:15,0
DA:20,0
DA:21,0
DA:24,0
DA:25,0
LF:9
LH:0
end_of_record
SF:lib\utils\text_styles.dart
DA:6,0
DA:10,0
DA:11,0
DA:16,0
LF:4
LH:0
end_of_record
SF:lib\screens\main_screen.dart
DA:13,1
DA:15,0
DA:21,0
DA:27,0
DA:29,0
DA:30,0
DA:31,0
DA:34,0
DA:36,0
DA:41,0
DA:42,0
DA:43,0
DA:44,0
DA:46,0
DA:47,0
DA:50,0
DA:52,0
DA:54,0
DA:61,0
DA:62,0
DA:64,0
DA:65,0
DA:66,0
DA:67,0
DA:71,0
DA:76,0
DA:78,0
DA:83,0
DA:84,0
DA:85,0
DA:86,0
DA:91,0
LF:32
LH:1
end_of_record
SF:lib\screens\wallhaven\fav_screen.dart
DA:10,1
DA:12,0
DA:13,0
DA:17,0
DA:18,0
DA:19,0
DA:20,0
DA:21,0
DA:22,0
DA:25,0
DA:26,0
DA:28,0
DA:29,0
LF:13
LH:1
end_of_record
SF:lib\widgets\m_fav_screen.dart
DA:15,0
DA:17,0
DA:18,0
DA:19,0
DA:20,0
DA:21,0
DA:22,0
DA:23,0
DA:25,0
DA:26,0
DA:34,0
DA:39,0
DA:40,0
DA:41,0
DA:42,0
DA:48,0
DA:49,0
DA:53,0
DA:55,0
DA:56,0
DA:57,0
DA:58,0
DA:61,0
DA:62,0
LF:24
LH:0
end_of_record
SF:lib\screens\wallhaven\home_screen.dart
DA:11,1
DA:13,0
DA:14,0
DA:23,0
DA:25,0
DA:42,0
DA:44,0
DA:45,0
DA:46,0
DA:48,0
DA:51,0
DA:53,0
DA:56,0
DA:58,0
DA:59,0
DA:62,0
DA:64,0
DA:65,0
DA:66,0
DA:67,0
DA:69,0
DA:70,0
DA:71,0
DA:72,0
DA:73,0
DA:74,0
DA:77,0
DA:78,0
DA:79,0
DA:80,0
DA:82,0
LF:31
LH:1
end_of_record
SF:lib\widgets\m_home_screen.dart
DA:16,0
DA:20,0
DA:22,0
DA:26,0
DA:27,0
DA:28,0
DA:29,0
DA:33,0
DA:35,0
DA:36,0
DA:37,0
DA:39,0
DA:40,0
DA:41,0
DA:42,0
DA:47,0
DA:48,0
DA:49,0
DA:56,0
DA:58,0
DA:61,0
DA:62,0
DA:66,0
DA:67,0
DA:71,0
DA:72,0
DA:73,0
DA:77,0
DA:82,0
DA:85,0
DA:86,0
DA:89,0
DA:90,0
DA:91,0
DA:92,0
DA:101,0
DA:102,0
DA:103,0
DA:105,0
DA:106,0
DA:109,0
DA:111,0
DA:119,0
DA:120,0
DA:121,0
DA:122,0
DA:123,0
DA:125,0
DA:126,0
DA:129,0
DA:130,0
DA:131,0
DA:132,0
DA:135,0
DA:138,0
DA:140,0
DA:141,0
DA:148,0
DA:153,0
DA:161,0
LF:60
LH:0
end_of_record
SF:lib\widgets\w_nav_item.dart
DA:13,0
DA:17,0
DA:19,0
DA:21,0
DA:22,0
DA:23,0
DA:28,0
DA:29,0
DA:32,0
DA:33,0
DA:34,0
DA:35,0
DA:41,0
DA:42,0
DA:43,0
DA:44,0
DA:45,0
DA:46,0
DA:47,0
DA:48,0
DA:49,0
DA:52,0
DA:53,0
DA:54,0
DA:56,0
DA:61,0
DA:62,0
DA:63,0
DA:64,0
DA:65,0
DA:67,0
DA:68,0
DA:74,0
DA:78,0
DA:79,0
DA:81,0
DA:84,0
DA:87,0
DA:88,0
DA:94,0
DA:95,0
LF:41
LH:0
end_of_record
SF:lib\screens\wallhaven\search_screen.dart
DA:10,1
DA:12,0
DA:13,0
DA:18,0
DA:20,0
DA:21,0
DA:22,0
DA:23,0
DA:24,0
DA:25,0
DA:29,0
DA:30,0
DA:32,0
DA:33,0
DA:36,0
LF:15
LH:1
end_of_record
SF:lib\widgets\m_search_screen.dart
DA:16,0
DA:18,0
DA:20,0
DA:21,0
DA:27,0
DA:29,0
DA:30,0
DA:31,0
DA:32,0
DA:33,0
DA:34,0
DA:35,0
DA:37,0
DA:38,0
DA:39,0
DA:40,0
DA:41,0
DA:42,0
DA:46,0
DA:54,0
DA:70,0
DA:75,0
DA:76,0
DA:77,0
DA:78,0
DA:85,0
DA:86,0
DA:87,0
DA:90,0
DA:91,0
DA:94,0
DA:95,0
DA:96,0
DA:98,0
DA:106,0
DA:107,0
DA:108,0
DA:111,0
DA:112,0
DA:115,0
DA:116,0
DA:118,0
DA:123,0
DA:124,0
DA:129,0
DA:131,0
DA:132,0
DA:133,0
DA:134,0
DA:137,0
DA:138,0
DA:147,0
DA:148,0
DA:149,0
DA:150,0
DA:153,0
DA:154,0
DA:155,0
DA:156,0
DA:157,0
DA:158,0
DA:159,0
DA:162,0
DA:163,0
DA:167,0
DA:168,0
DA:169,0
DA:173,0
DA:174,0
DA:175,0
DA:180,0
DA:181,0
DA:182,0
DA:185,0
DA:186,0
DA:187,0
DA:188,0
DA:189,0
LF:78
LH:0
end_of_record
SF:lib\screens\onboarding_screen.dart
DA:4,1
DA:6,0
DA:8,0
LF:3
LH:1
end_of_record
SF:lib\screens\pexels\wallpaper_detail_screen.dart
DA:13,1
DA:15,0
DA:16,0
DA:24,0
DA:26,0
DA:27,0
DA:29,0
DA:30,0
DA:32,0
DA:35,0
DA:38,0
DA:39,0
DA:40,0
DA:41,0
DA:42,0
DA:44,0
DA:45,0
DA:46,0
DA:47,0
DA:49,0
DA:50,0
DA:51,0
DA:52,0
DA:53,0
DA:54,0
DA:57,0
DA:59,0
DA:61,0
DA:62,0
DA:63,0
DA:64,0
DA:65,0
DA:69,0
DA:71,0
DA:73,0
DA:75,0
DA:76,0
DA:77,0
DA:79,0
DA:83,0
DA:86,0
DA:88,0
DA:90,0
DA:91,0
DA:92,0
DA:94,0
DA:98,0
DA:102,0
DA:104,0
DA:107,0
DA:109,0
DA:110,0
DA:111,0
DA:112,0
DA:113,0
DA:116,0
DA:117,0
DA:121,0
LF:58
LH:1
end_of_record
SF:lib\widgets\m_detail_screen.dart
DA:29,0
DA:31,0
DA:33,0
DA:35,0
DA:37,0
DA:39,0
DA:41,0
DA:42,0
DA:43,0
DA:45,0
DA:55,0
DA:66,0
DA:70,0
DA:72,0
DA:73,0
DA:74,0
DA:75,0
DA:76,0
DA:77,0
DA:78,0
DA:79,0
DA:81,0
DA:82,0
DA:84,0
DA:85,0
DA:86,0
DA:87,0
DA:88,0
DA:92,0
DA:93,0
DA:94,0
DA:102,0
DA:104,0
DA:106,0
DA:107,0
DA:109,0
DA:110,0
DA:111,0
DA:113,0
DA:114,0
DA:115,0
DA:116,0
DA:117,0
DA:118,0
DA:119,0
DA:121,0
DA:122,0
DA:126,0
DA:127,0
DA:130,0
DA:132,0
DA:133,0
DA:140,0
DA:141,0
DA:142,0
DA:144,0
DA:145,0
DA:146,0
DA:148,0
DA:149,0
DA:150,0
DA:151,0
DA:152,0
DA:153,0
DA:154,0
DA:156,0
DA:157,0
DA:161,0
DA:162,0
DA:165,0
DA:167,0
DA:178,0
DA:184,0
DA:192,0
DA:200,0
DA:202,0
DA:206,0
DA:208,0
DA:210,0
DA:211,0
DA:214,0
DA:215,0
DA:216,0
DA:217,0
DA:219,0
DA:222,0
DA:223,0
DA:224,0
DA:225,0
DA:226,0
DA:231,0
DA:232,0
DA:234,0
DA:235,0
DA:238,0
DA:239,0
DA:240,0
DA:241,0
DA:243,0
DA:245,0
DA:246,0
DA:250,0
DA:253,0
DA:258,0
DA:260,0
DA:263,0
DA:267,0
DA:273,0
DA:275,0
DA:276,0
DA:283,0
DA:288,0
DA:289,0
DA:290,0
DA:295,0
DA:304,0
DA:306,0
DA:307,0
DA:309,0
DA:310,0
DA:312,0
DA:313,0
DA:315,0
DA:316,0
DA:318,0
DA:319,0
DA:322,0
DA:323,0
DA:324,0
DA:325,0
DA:327,0
DA:329,0
DA:330,0
DA:345,0
DA:350,0
DA:352,0
DA:353,0
DA:354,0
DA:356,0
DA:357,0
DA:359,0
DA:361,0
DA:362,0
DA:363,0
DA:364,0
DA:365,0
DA:367,0
DA:368,0
DA:372,0
DA:375,0
DA:383,0
DA:385,0
DA:391,0
DA:400,0
DA:404,0
DA:405,0
DA:414,0
DA:415,0
DA:419,0
DA:424,0
DA:425,0
DA:426,0
DA:427,0
DA:428,0
DA:429,0
DA:430,0
DA:431,0
DA:437,0
DA:438,0
LF:169
LH:0
end_of_record
SF:lib\views\base_view.dart
DA:13,0
DA:17,0
DA:19,0
DA:20,0
DA:25,0
DA:27,0
DA:30,0
DA:32,0
DA:33,0
DA:36,0
DA:38,0
DA:39,0
DA:40,0
DA:41,0
DA:42,0
DA:43,0
DA:44,0
DA:50,0
DA:55,0
DA:56,0
DA:57,0
DA:60,0
DA:61,0
DA:62,0
DA:63,0
DA:65,0
DA:66,0
DA:67,0
DA:68,0
DA:69,0
DA:70,0
DA:71,0
DA:72,0
DA:73,0
DA:74,0
DA:75,0
DA:80,0
DA:81,0
DA:82,0
DA:83,0
DA:84,0
DA:87,0
DA:88,0
DA:89,0
DA:90,0
DA:91,0
DA:94,0
DA:95,0
DA:97,0
DA:98,0
DA:99,0
DA:100,0
DA:101,0
DA:107,0
DA:111,0
DA:112,0
DA:113,0
DA:114,0
DA:115,0
DA:116,0
DA:127,0
LF:61
LH:0
end_of_record
SF:lib\widgets\w_wh_wallpaper_card.dart
DA:11,0
DA:14,0
DA:16,0
DA:17,0
DA:19,0
DA:20,0
DA:22,0
DA:23,0
DA:24,0
DA:25,0
DA:26,0
DA:27,0
DA:29,0
DA:30,0
DA:33,0
LF:15
LH:0
end_of_record
SF:lib\widgets\m_wallpaper_card.dart
DA:14,0
DA:16,0
DA:18,0
DA:19,0
DA:20,0
DA:22,0
DA:23,0
DA:24,0
DA:26,0
DA:27,0
DA:28,0
DA:29,0
DA:30,0
DA:31,0
DA:36,0
DA:37,0
DA:40,0
DA:43,0
DA:44,0
DA:47,0
DA:49,0
DA:50,0
DA:55,0
DA:56,0
DA:59,0
DA:64,0
DA:70,0
DA:71,0
DA:74,0
DA:75,0
DA:76,0
DA:77,0
DA:78,0
DA:79,0
DA:80,0
DA:81,0
DA:87,0
DA:88,0
DA:91,0
DA:92,0
DA:97,0
LF:41
LH:0
end_of_record
SF:lib\screens\wallhaven\wallpaper_by_color_screen.dart
DA:10,1
DA:12,0
DA:14,0
DA:15,0
DA:20,0
DA:23,0
DA:25,0
DA:27,0
DA:29,0
DA:30,0
DA:31,0
DA:32,0
DA:33,0
DA:34,0
DA:38,0
DA:39,0
DA:41,0
DA:42,0
LF:18
LH:1
end_of_record
SF:lib\widgets\m_wallpapers_by_colors.dart
DA:16,0
DA:18,0
DA:20,0
DA:21,0
DA:23,0
DA:24,0
DA:25,0
DA:28,0
DA:30,0
DA:31,0
DA:34,0
DA:37,0
DA:38,0
DA:39,0
DA:40,0
DA:41,0
DA:48,0
DA:49,0
DA:50,0
DA:60,0
DA:61,0
DA:62,0
DA:63,0
DA:64,0
DA:65,0
DA:69,0
DA:70,0
DA:79,0
DA:82,0
DA:83,0
DA:84,0
DA:85,0
DA:86,0
DA:90,0
DA:91,0
LF:35
LH:0
end_of_record
SF:lib\screens\wallhaven\wallpaper_detail_screen.dart
DA:13,1
DA:15,0
DA:16,0
DA:24,0
DA:28,0
DA:29,0
DA:31,0
DA:32,0
DA:34,0
DA:37,0
DA:39,0
DA:40,0
DA:41,0
DA:43,0
DA:46,0
DA:48,0
DA:49,0
DA:50,0
DA:51,0
DA:53,0
DA:55,0
DA:57,0
DA:60,0
DA:61,0
DA:62,0
DA:63,0
DA:64,0
DA:65,0
DA:66,0
DA:67,0
DA:70,0
DA:72,0
DA:73,0
DA:74,0
DA:75,0
DA:76,0
DA:77,0
DA:81,0
DA:84,0
DA:86,0
DA:88,0
DA:89,0
DA:90,0
DA:92,0
DA:96,0
DA:99,0
DA:101,0
DA:103,0
DA:104,0
DA:105,0
DA:107,0
DA:111,0
DA:115,0
DA:117,0
DA:120,0
DA:122,0
DA:123,0
DA:124,0
DA:125,0
DA:126,0
DA:129,0
DA:130,0
DA:134,0
DA:137,0
DA:139,0
LF:65
LH:1
end_of_record
SF:lib\view_models\base_view_model.dart
DA:21,0
DA:23,0
DA:25,0
DA:26,0
DA:33,0
DA:34,0
DA:35,0
DA:36,0
DA:37,0
DA:38,0
DA:41,0
DA:42,0
DA:43,0
DA:46,0
DA:47,0
DA:50,0
DA:52,0
DA:53,0
DA:57,0
DA:59,0
DA:61,0
DA:63,0
DA:65,0
DA:67,0
DA:69,0
DA:70,0
DA:71,0
DA:74,0
DA:75,0
DA:76,0
DA:80,0
DA:81,0
DA:82,0
DA:83,0
DA:87,0
DA:88,0
DA:89,0
DA:90,0
DA:94,0
DA:98,0
DA:101,0
LF:41
LH:0
end_of_record
SF:lib\widgets\w_color_tag.dart
DA:15,0
DA:21,0
DA:23,0
DA:24,0
DA:25,0
DA:26,0
DA:28,0
DA:30,0
DA:33,0
DA:36,0
DA:37,0
DA:38,0
DA:42,0
DA:43,0
DA:44,0
DA:48,0
DA:49,0
DA:50,0
DA:53,0
DA:57,0
DA:58,0
DA:60,0
LF:22
LH:0
end_of_record
SF:lib\widgets\w_wallpaper_tag.dart
DA:11,0
DA:15,0
DA:17,0
DA:19,0
DA:20,0
DA:21,0
DA:22,0
DA:23,0
DA:26,0
DA:28,0
DA:37,0
DA:38,0
DA:40,0
DA:42,0
DA:44,0
DA:45,0
DA:46,0
DA:48,0
DA:51,0
DA:52,0
DA:53,0
DA:54,0
DA:55,0
DA:56,0
DA:57,0
DA:61,0
DA:62,0
DA:63,0
DA:68,0
DA:69,0
DA:70,0
LF:31
LH:0
end_of_record
